<?xml version="1.0" encoding="UTF-8"?>
<!-- Generated by org.testng.reporters.JUnitReportReporter -->
<testsuite skipped="0" hostname="ADMINRG-5P4SOQB" name="com.parameters.ParametersTest" tests="1" failures="0" timestamp="24 Jun 2018 14:19:14 GMT" time="79.799" errors="0">
  <testcase name="yahooLogintest" time="79.799" classname="com.parameters.ParametersTest"/>
</testsuite> <!-- com.parameters.ParametersTest -->
