<?xml version="1.0" encoding="UTF-8"?>
<!-- Generated by org.testng.reporters.JUnitReportReporter -->
<testsuite skipped="0" hostname="ADMINRG-5P4SOQB" name="com.datadriven.test.HalfEbayTest" tests="5" failures="0" timestamp="24 Jun 2018 12:58:18 GMT" time="107.327" errors="0">
  <testcase name="halfEbayPageTest" time="13.854" classname="com.datadriven.test.HalfEbayTest"/>
  <testcase name="halfEbayPageTest" time="14.068" classname="com.datadriven.test.HalfEbayTest"/>
  <testcase name="halfEbayPageTest" time="13.731" classname="com.datadriven.test.HalfEbayTest"/>
  <testcase name="halfEbayPageTest" time="51.951" classname="com.datadriven.test.HalfEbayTest"/>
  <testcase name="halfEbayPageTest" time="13.723" classname="com.datadriven.test.HalfEbayTest"/>
</testsuite> <!-- com.datadriven.test.HalfEbayTest -->
